Starting log
Installing pre-requisites... OK
Installing Ansible... OK
Adding key... OK
Cleaning folders... OK
Downloading ZIP file... OK
Uncompressing update... OK
Bootstraping Workstation... 
No config file found; using defaults
OK
Starting log
Installing pre-requisites... OK
Installing Ansible... OK
Adding key... OK
Cleaning folders... OK
Downloading ZIP file... OK
Uncompressing update... OK
Bootstraping Workstation... 
No config file found; using defaults
OK
Starting log
Installing pre-requisites... OK
Installing Ansible... OK
Adding key... OK
Cleaning folders... OK
Downloading ZIP file... OK
Uncompressing update... OK
Bootstraping Workstation... 
No config file found; using defaults
OK
Starting log
Installing pre-requisites... OK
Installing Ansible... OK
Adding key... OK
Cleaning folders... OK
Downloading ZIP file... OK
Uncompressing update... OK
Bootstraping Workstation... 
No config file found; using defaults
OK
Starting log
Installing pre-requisites... OK
Installing Ansible... OK
Adding key... OK
Cleaning folders... OK
Downloading ZIP file... OK
Uncompressing update... OK
Bootstraping Workstation... 
No config file found; using defaults
OK
Starting log
Installing pre-requisites... OK
Installing Ansible... OK
Adding key... OK
Cleaning folders... OK
Downloading ZIP file... OK
Uncompressing update... OK
Bootstraping Workstation... 
No config file found; using defaults
OK
